<?xml version="1.0" encoding="UTF-8"?>
<testng-results skipped="0" failed="1" ignored="0" total="8" passed="7">
  <reporter-output>
  </reporter-output>
  <suite name="Default suite" duration-ms="447654" started-at="2018-05-20T10:47:31Z" finished-at="2018-05-20T10:54:59Z">
    <groups>
      <group name="cucumber">
        <method signature="AbstractTestNGCucumberTests.feature(cucumber.api.testng.CucumberFeatureWrapper)[pri:0, instance:com.webdriver.runner.GenericRunner@148080bb]" name="feature" class="cucumber.api.testng.AbstractTestNGCucumberTests"/>
      </group> <!-- cucumber -->
    </groups>
    <test name="Default test" duration-ms="447654" started-at="2018-05-20T10:47:31Z" finished-at="2018-05-20T10:54:59Z">
      <class name="com.webdriver.runner.GenericRunner">
        <test-method status="PASS" signature="setUpClass()[pri:0, instance:com.webdriver.runner.GenericRunner@148080bb]" name="setUpClass" is-config="true" duration-ms="329" started-at="2018-05-20T16:17:31Z" finished-at="2018-05-20T16:17:31Z">
          <reporter-output>
          </reporter-output>
        </test-method> <!-- setUpClass -->
        <test-method status="PASS" signature="feature(cucumber.api.testng.CucumberFeatureWrapper)[pri:0, instance:com.webdriver.runner.GenericRunner@148080bb]" name="feature" duration-ms="61519" started-at="2018-05-20T16:17:32Z" description="Runs Cucumber Feature" data-provider="features" finished-at="2018-05-20T16:18:33Z">
          <params>
            <param index="0">
              <value>
                <![CDATA[Working with Java Script Popup]]>
              </value>
            </param>
          </params>
          <reporter-output>
          </reporter-output>
        </test-method> <!-- feature -->
        <test-method status="PASS" signature="feature(cucumber.api.testng.CucumberFeatureWrapper)[pri:0, instance:com.webdriver.runner.GenericRunner@148080bb]" name="feature" duration-ms="33935" started-at="2018-05-20T16:18:33Z" description="Runs Cucumber Feature" data-provider="features" finished-at="2018-05-20T16:19:07Z">
          <params>
            <param index="0">
              <value>
                <![CDATA[Browser Function]]>
              </value>
            </param>
          </params>
          <reporter-output>
          </reporter-output>
        </test-method> <!-- feature -->
        <test-method status="PASS" signature="feature(cucumber.api.testng.CucumberFeatureWrapper)[pri:0, instance:com.webdriver.runner.GenericRunner@148080bb]" name="feature" duration-ms="43821" started-at="2018-05-20T16:19:07Z" description="Runs Cucumber Feature" data-provider="features" finished-at="2018-05-20T16:19:51Z">
          <params>
            <param index="0">
              <value>
                <![CDATA[Working with Mouse and Keyboard actions]]>
              </value>
            </param>
          </params>
          <reporter-output>
          </reporter-output>
        </test-method> <!-- feature -->
        <test-method status="PASS" signature="feature(cucumber.api.testng.CucumberFeatureWrapper)[pri:0, instance:com.webdriver.runner.GenericRunner@148080bb]" name="feature" duration-ms="118552" started-at="2018-05-20T16:19:51Z" description="Runs Cucumber Feature" data-provider="features" finished-at="2018-05-20T16:21:49Z">
          <params>
            <param index="0">
              <value>
                <![CDATA[Data Driven Testing]]>
              </value>
            </param>
          </params>
          <reporter-output>
          </reporter-output>
        </test-method> <!-- feature -->
        <test-method status="PASS" signature="feature(cucumber.api.testng.CucumberFeatureWrapper)[pri:0, instance:com.webdriver.runner.GenericRunner@148080bb]" name="feature" duration-ms="30452" started-at="2018-05-20T16:21:49Z" description="Runs Cucumber Feature" data-provider="features" finished-at="2018-05-20T16:22:20Z">
          <params>
            <param index="0">
              <value>
                <![CDATA[Working with Iframe]]>
              </value>
            </param>
          </params>
          <reporter-output>
          </reporter-output>
        </test-method> <!-- feature -->
        <test-method status="FAIL" signature="feature(cucumber.api.testng.CucumberFeatureWrapper)[pri:0, instance:com.webdriver.runner.GenericRunner@148080bb]" name="feature" duration-ms="75291" started-at="2018-05-20T16:22:20Z" description="Runs Cucumber Feature" data-provider="features" finished-at="2018-05-20T16:23:35Z">
          <params>
            <param index="0">
              <value>
                <![CDATA[Create bug in bugzila application]]>
              </value>
            </param>
          </params>
          <exception class="cucumber.runtime.CucumberException">
            <message>
              <![CDATA[java.lang.AssertionError: To Take the Screen Shot]]>
            </message>
            <full-stacktrace>
              <![CDATA[cucumber.runtime.CucumberException: java.lang.AssertionError: To Take the Screen Shotat cucumber.api.testng.TestNGCucumberRunner.runCucumber(TestNGCucumberRunner.java:69)at cucumber.api.testng.AbstractTestNGCucumberTests.feature(AbstractTestNGCucumberTests.java:21)at sun.reflect.NativeMethodAccessorImpl.invoke0(Native Method)at sun.reflect.NativeMethodAccessorImpl.invoke(NativeMethodAccessorImpl.java:62)at sun.reflect.DelegatingMethodAccessorImpl.invoke(DelegatingMethodAccessorImpl.java:43)at java.lang.reflect.Method.invoke(Method.java:498)at org.testng.internal.MethodInvocationHelper.invokeMethod(MethodInvocationHelper.java:124)at org.testng.internal.Invoker.invokeMethod(Invoker.java:571)at org.testng.internal.Invoker.invokeTestMethod(Invoker.java:707)at org.testng.internal.Invoker.invokeTestMethods(Invoker.java:979)at org.testng.internal.TestMethodWorker.invokeTestMethods(TestMethodWorker.java:125)at org.testng.internal.TestMethodWorker.run(TestMethodWorker.java:109)at org.testng.TestRunner.privateRun(TestRunner.java:648)at org.testng.TestRunner.run(TestRunner.java:505)at org.testng.SuiteRunner.runTest(SuiteRunner.java:455)at org.testng.SuiteRunner.runSequentially(SuiteRunner.java:450)at org.testng.SuiteRunner.privateRun(SuiteRunner.java:415)at org.testng.SuiteRunner.run(SuiteRunner.java:364)at org.testng.SuiteRunnerWorker.runSuite(SuiteRunnerWorker.java:52)at org.testng.SuiteRunnerWorker.run(SuiteRunnerWorker.java:84)at org.testng.TestNG.runSuitesSequentially(TestNG.java:1187)at org.testng.TestNG.runSuitesLocally(TestNG.java:1116)at org.testng.TestNG.runSuites(TestNG.java:1028)at org.testng.TestNG.run(TestNG.java:996)at org.testng.remote.AbstractRemoteTestNG.run(AbstractRemoteTestNG.java:114)at org.testng.remote.RemoteTestNG.initAndRun(RemoteTestNG.java:251)at org.testng.remote.RemoteTestNG.main(RemoteTestNG.java:77)Caused by: java.lang.AssertionError: To Take the Screen Shotat org.testng.Assert.fail(Assert.java:96)at com.webdriver.page.BugCreationStepDfn.bugzilla_the_title_of_login_page_should_be(BugCreationStepDfn.java:55)at ✽.And Bugzilla_The title of login page should be "Log in to Bugzilla"(page/BugCreation.feature:6)]]>
            </full-stacktrace>
          </exception> <!-- cucumber.runtime.CucumberException -->
          <reporter-output>
          </reporter-output>
        </test-method> <!-- feature -->
        <test-method status="PASS" signature="feature(cucumber.api.testng.CucumberFeatureWrapper)[pri:0, instance:com.webdriver.runner.GenericRunner@148080bb]" name="feature" duration-ms="40901" started-at="2018-05-20T16:23:35Z" description="Runs Cucumber Feature" data-provider="features" finished-at="2018-05-20T16:24:16Z">
          <params>
            <param index="0">
              <value>
                <![CDATA[Web driver wait fuction]]>
              </value>
            </param>
          </params>
          <reporter-output>
          </reporter-output>
        </test-method> <!-- feature -->
        <test-method status="PASS" signature="feature(cucumber.api.testng.CucumberFeatureWrapper)[pri:0, instance:com.webdriver.runner.GenericRunner@148080bb]" name="feature" duration-ms="42700" started-at="2018-05-20T16:24:16Z" description="Runs Cucumber Feature" data-provider="features" finished-at="2018-05-20T16:24:59Z">
          <params>
            <param index="0">
              <value>
                <![CDATA[Web Element Functions]]>
              </value>
            </param>
          </params>
          <reporter-output>
          </reporter-output>
        </test-method> <!-- feature -->
        <test-method status="PASS" signature="tearDownClass()[pri:0, instance:com.webdriver.runner.GenericRunner@148080bb]" name="tearDownClass" is-config="true" duration-ms="22" started-at="2018-05-20T16:24:59Z" finished-at="2018-05-20T16:24:59Z">
          <reporter-output>
          </reporter-output>
        </test-method> <!-- tearDownClass -->
      </class> <!-- com.webdriver.runner.GenericRunner -->
    </test> <!-- Default test -->
  </suite> <!-- Default suite -->
</testng-results>
