<?xml version="1.0" encoding="UTF-8"?>
<testng-results skipped="0" failed="0" ignored="0" total="1" passed="1">
  <reporter-output>
  </reporter-output>
  <suite name="Default suite" duration-ms="87238" started-at="2019-09-21T06:39:27Z" finished-at="2019-09-21T06:40:54Z">
    <groups>
    </groups>
    <test name="Default test" duration-ms="87238" started-at="2019-09-21T06:39:27Z" finished-at="2019-09-21T06:40:54Z">
      <class name="com.webdriver.datadriven.exceldriven.TestExcelReader">
        <test-method status="PASS" signature="testExcel()[pri:0, instance:com.webdriver.datadriven.exceldriven.TestExcelReader@3427b02d]" name="testExcel" duration-ms="87207" started-at="2019-09-20T23:39:27Z" finished-at="2019-09-20T23:40:54Z">
          <reporter-output>
          </reporter-output>
        </test-method> <!-- testExcel -->
      </class> <!-- com.webdriver.datadriven.exceldriven.TestExcelReader -->
    </test> <!-- Default test -->
  </suite> <!-- Default suite -->
</testng-results>
