<?xml version="1.0" encoding="UTF-8"?>
<testng-results skipped="0" failed="0" ignored="0" total="1" passed="1">
  <reporter-output>
  </reporter-output>
  <suite name="Default suite" duration-ms="29368" started-at="2018-05-06T07:43:25Z" finished-at="2018-05-06T07:43:54Z">
    <groups>
      <group name="cucumber">
        <method signature="AbstractTestNGCucumberTests.feature(cucumber.api.testng.CucumberFeatureWrapper)[pri:0, instance:com.webdriver.page.BugCreationRunner@6eebc39e]" name="feature" class="cucumber.api.testng.AbstractTestNGCucumberTests"/>
      </group> <!-- cucumber -->
    </groups>
    <test name="Default test" duration-ms="29368" started-at="2018-05-06T07:43:25Z" finished-at="2018-05-06T07:43:54Z">
      <class name="com.webdriver.page.BugCreationRunner">
        <test-method status="PASS" signature="setUpClass()[pri:0, instance:com.webdriver.page.BugCreationRunner@6eebc39e]" name="setUpClass" is-config="true" duration-ms="246" started-at="2018-05-06T13:13:25Z" finished-at="2018-05-06T13:13:25Z">
          <reporter-output>
          </reporter-output>
        </test-method> <!-- setUpClass -->
        <test-method status="PASS" signature="feature(cucumber.api.testng.CucumberFeatureWrapper)[pri:0, instance:com.webdriver.page.BugCreationRunner@6eebc39e]" name="feature" duration-ms="29038" started-at="2018-05-06T13:13:25Z" description="Runs Cucumber Feature" data-provider="features" finished-at="2018-05-06T13:13:54Z">
          <params>
            <param index="0">
              <value>
                <![CDATA[Create bug in bugzila application]]>
              </value>
            </param>
          </params>
          <reporter-output>
          </reporter-output>
        </test-method> <!-- feature -->
        <test-method status="PASS" signature="tearDownClass()[pri:0, instance:com.webdriver.page.BugCreationRunner@6eebc39e]" name="tearDownClass" is-config="true" duration-ms="4" started-at="2018-05-06T13:13:54Z" finished-at="2018-05-06T13:13:54Z">
          <reporter-output>
          </reporter-output>
        </test-method> <!-- tearDownClass -->
      </class> <!-- com.webdriver.page.BugCreationRunner -->
    </test> <!-- Default test -->
  </suite> <!-- Default suite -->
</testng-results>
