<?xml version="1.0" encoding="UTF-8"?>
<testng-results skipped="0" failed="0" ignored="0" total="2" passed="2">
  <reporter-output>
  </reporter-output>
  <suite name="Suite" duration-ms="58566" started-at="2018-04-22T14:07:25Z" finished-at="2018-04-22T14:08:23Z">
    <groups>
      <group name="cucumber">
        <method signature="AbstractTestNGCucumberTests.feature(cucumber.api.testng.CucumberFeatureWrapper)[pri:0, instance:com.webdriver.wait.WebdriverWaitFunctionRunner@6eebc39e]" name="feature" class="cucumber.api.testng.AbstractTestNGCucumberTests"/>
        <method signature="AbstractTestNGCucumberTests.feature(cucumber.api.testng.CucumberFeatureWrapper)[pri:0, instance:com.webdriver.webelementfunction.WebelementFunctionRunner@4dfa3a9d]" name="feature" class="cucumber.api.testng.AbstractTestNGCucumberTests"/>
      </group> <!-- cucumber -->
    </groups>
    <test name="Test" duration-ms="58566" started-at="2018-04-22T14:07:25Z" finished-at="2018-04-22T14:08:23Z">
      <class name="com.webdriver.wait.WebdriverWaitFunctionRunner">
        <test-method status="PASS" signature="setUpClass()[pri:0, instance:com.webdriver.wait.WebdriverWaitFunctionRunner@6eebc39e]" name="setUpClass" is-config="true" duration-ms="29" started-at="2018-04-22T19:37:59Z" finished-at="2018-04-22T19:37:59Z">
          <reporter-output>
          </reporter-output>
        </test-method> <!-- setUpClass -->
        <test-method status="PASS" signature="feature(cucumber.api.testng.CucumberFeatureWrapper)[pri:0, instance:com.webdriver.wait.WebdriverWaitFunctionRunner@6eebc39e]" name="feature" duration-ms="24199" started-at="2018-04-22T19:37:59Z" description="Runs Cucumber Feature" data-provider="features" finished-at="2018-04-22T19:38:23Z">
          <params>
            <param index="0">
              <value>
                <![CDATA[Web driver wait fuction]]>
              </value>
            </param>
          </params>
          <reporter-output>
          </reporter-output>
        </test-method> <!-- feature -->
        <test-method status="PASS" signature="tearDownClass()[pri:0, instance:com.webdriver.wait.WebdriverWaitFunctionRunner@6eebc39e]" name="tearDownClass" is-config="true" duration-ms="1" started-at="2018-04-22T19:38:23Z" finished-at="2018-04-22T19:38:23Z">
          <reporter-output>
          </reporter-output>
        </test-method> <!-- tearDownClass -->
      </class> <!-- com.webdriver.wait.WebdriverWaitFunctionRunner -->
      <class name="com.webdriver.webelementfunction.WebelementFunctionRunner">
        <test-method status="PASS" signature="setUpClass()[pri:0, instance:com.webdriver.webelementfunction.WebelementFunctionRunner@4dfa3a9d]" name="setUpClass" is-config="true" duration-ms="206" started-at="2018-04-22T19:37:25Z" finished-at="2018-04-22T19:37:25Z">
          <reporter-output>
          </reporter-output>
        </test-method> <!-- setUpClass -->
        <test-method status="PASS" signature="feature(cucumber.api.testng.CucumberFeatureWrapper)[pri:0, instance:com.webdriver.webelementfunction.WebelementFunctionRunner@4dfa3a9d]" name="feature" duration-ms="34032" started-at="2018-04-22T19:37:25Z" description="Runs Cucumber Feature" data-provider="features" finished-at="2018-04-22T19:37:59Z">
          <params>
            <param index="0">
              <value>
                <![CDATA[Web Element Functions]]>
              </value>
            </param>
          </params>
          <reporter-output>
          </reporter-output>
        </test-method> <!-- feature -->
        <test-method status="PASS" signature="tearDownClass()[pri:0, instance:com.webdriver.webelementfunction.WebelementFunctionRunner@4dfa3a9d]" name="tearDownClass" is-config="true" duration-ms="6" started-at="2018-04-22T19:37:59Z" finished-at="2018-04-22T19:37:59Z">
          <reporter-output>
          </reporter-output>
        </test-method> <!-- tearDownClass -->
      </class> <!-- com.webdriver.webelementfunction.WebelementFunctionRunner -->
    </test> <!-- Test -->
  </suite> <!-- Suite -->
</testng-results>
