<?xml version="1.0" encoding="UTF-8"?>
<testng-results skipped="0" failed="0" ignored="0" total="1" passed="1">
  <reporter-output>
  </reporter-output>
  <suite name="Default suite" duration-ms="41210" started-at="2018-04-15T07:10:52Z" finished-at="2018-04-15T07:11:33Z">
    <groups>
      <group name="cucumber">
        <method signature="AbstractTestNGCucumberTests.feature(cucumber.api.testng.CucumberFeatureWrapper)[pri:0, instance:com.webdriver.compositeactions.CompositeActions@146ba0ac]" name="feature" class="cucumber.api.testng.AbstractTestNGCucumberTests"/>
      </group> <!-- cucumber -->
    </groups>
    <test name="Default test" duration-ms="41210" started-at="2018-04-15T07:10:52Z" finished-at="2018-04-15T07:11:33Z">
      <class name="com.webdriver.compositeactions.CompositeActions">
        <test-method status="PASS" signature="setUpClass()[pri:0, instance:com.webdriver.compositeactions.CompositeActions@146ba0ac]" name="setUpClass" is-config="true" duration-ms="183" started-at="2018-04-15T12:40:52Z" finished-at="2018-04-15T12:40:52Z">
          <reporter-output>
          </reporter-output>
        </test-method> <!-- setUpClass -->
        <test-method status="PASS" signature="feature(cucumber.api.testng.CucumberFeatureWrapper)[pri:0, instance:com.webdriver.compositeactions.CompositeActions@146ba0ac]" name="feature" duration-ms="40945" started-at="2018-04-15T12:40:52Z" description="Runs Cucumber Feature" data-provider="features" finished-at="2018-04-15T12:41:33Z">
          <params>
            <param index="0">
              <value>
                <![CDATA[Working with Mouse and Keyboard actions]]>
              </value>
            </param>
          </params>
          <reporter-output>
          </reporter-output>
        </test-method> <!-- feature -->
        <test-method status="PASS" signature="tearDownClass()[pri:0, instance:com.webdriver.compositeactions.CompositeActions@146ba0ac]" name="tearDownClass" is-config="true" duration-ms="3" started-at="2018-04-15T12:41:33Z" finished-at="2018-04-15T12:41:33Z">
          <reporter-output>
          </reporter-output>
        </test-method> <!-- tearDownClass -->
      </class> <!-- com.webdriver.compositeactions.CompositeActions -->
    </test> <!-- Default test -->
  </suite> <!-- Default suite -->
</testng-results>
