<?xml version="1.0" encoding="UTF-8"?>
<testng-results skipped="0" failed="1" ignored="0" total="1" passed="0">
  <reporter-output>
  </reporter-output>
  <suite name="Default suite" duration-ms="21300" started-at="2018-04-22T10:27:17Z" finished-at="2018-04-22T10:27:38Z">
    <groups>
      <group name="cucumber">
        <method signature="AbstractTestNGCucumberTests.feature(cucumber.api.testng.CucumberFeatureWrapper)[pri:0, instance:com.webdriver.webelementfunction.WebelementFunctionRunner@188715b5]" name="feature" class="cucumber.api.testng.AbstractTestNGCucumberTests"/>
      </group> <!-- cucumber -->
    </groups>
    <test name="Default test" duration-ms="21300" started-at="2018-04-22T10:27:17Z" finished-at="2018-04-22T10:27:38Z">
      <class name="com.webdriver.webelementfunction.WebelementFunctionRunner">
        <test-method status="PASS" signature="setUpClass()[pri:0, instance:com.webdriver.webelementfunction.WebelementFunctionRunner@188715b5]" name="setUpClass" is-config="true" duration-ms="257" started-at="2018-04-22T15:57:17Z" finished-at="2018-04-22T15:57:17Z">
          <reporter-output>
          </reporter-output>
        </test-method> <!-- setUpClass -->
        <test-method status="FAIL" signature="feature(cucumber.api.testng.CucumberFeatureWrapper)[pri:0, instance:com.webdriver.webelementfunction.WebelementFunctionRunner@188715b5]" name="feature" duration-ms="20932" started-at="2018-04-22T15:57:17Z" description="Runs Cucumber Feature" data-provider="features" finished-at="2018-04-22T15:57:38Z">
          <params>
            <param index="0">
              <value>
                <![CDATA[Web Element Functions]]>
              </value>
            </param>
          </params>
          <exception class="cucumber.runtime.CucumberException">
            <message>
              <![CDATA[org.picocontainer.PicoCompositionException: 3 satisfiable constructors is too many for 'class java.lang.String'. Constructor List:[<init>(<init>Buffer), <init>(<init>Builder), <init>()]]]>
            </message>
            <full-stacktrace>
              <![CDATA[cucumber.runtime.CucumberException: org.picocontainer.PicoCompositionException: 3 satisfiable constructors is too many for 'class java.lang.String'. Constructor List:[<init>(<init>Buffer), <init>(<init>Builder), <init>()]at cucumber.api.testng.TestNGCucumberRunner.runCucumber(TestNGCucumberRunner.java:69)at cucumber.api.testng.AbstractTestNGCucumberTests.feature(AbstractTestNGCucumberTests.java:21)at sun.reflect.NativeMethodAccessorImpl.invoke0(Native Method)at sun.reflect.NativeMethodAccessorImpl.invoke(NativeMethodAccessorImpl.java:62)at sun.reflect.DelegatingMethodAccessorImpl.invoke(DelegatingMethodAccessorImpl.java:43)at java.lang.reflect.Method.invoke(Method.java:498)at org.testng.internal.MethodInvocationHelper.invokeMethod(MethodInvocationHelper.java:124)at org.testng.internal.Invoker.invokeMethod(Invoker.java:571)at org.testng.internal.Invoker.invokeTestMethod(Invoker.java:707)at org.testng.internal.Invoker.invokeTestMethods(Invoker.java:979)at org.testng.internal.TestMethodWorker.invokeTestMethods(TestMethodWorker.java:125)at org.testng.internal.TestMethodWorker.run(TestMethodWorker.java:109)at org.testng.TestRunner.privateRun(TestRunner.java:648)at org.testng.TestRunner.run(TestRunner.java:505)at org.testng.SuiteRunner.runTest(SuiteRunner.java:455)at org.testng.SuiteRunner.runSequentially(SuiteRunner.java:450)at org.testng.SuiteRunner.privateRun(SuiteRunner.java:415)at org.testng.SuiteRunner.run(SuiteRunner.java:364)at org.testng.SuiteRunnerWorker.runSuite(SuiteRunnerWorker.java:52)at org.testng.SuiteRunnerWorker.run(SuiteRunnerWorker.java:84)at org.testng.TestNG.runSuitesSequentially(TestNG.java:1187)at org.testng.TestNG.runSuitesLocally(TestNG.java:1116)at org.testng.TestNG.runSuites(TestNG.java:1028)at org.testng.TestNG.run(TestNG.java:996)at org.testng.remote.AbstractRemoteTestNG.run(AbstractRemoteTestNG.java:114)at org.testng.remote.RemoteTestNG.initAndRun(RemoteTestNG.java:251)at org.testng.remote.RemoteTestNG.main(RemoteTestNG.java:77)Caused by: org.picocontainer.PicoCompositionException: 3 satisfiable constructors is too many for 'class java.lang.String'. Constructor List:[<init>(<init>Buffer), <init>(<init>Builder), <init>()]at org.picocontainer.injectors.ConstructorInjector.getGreediestSatisfiableConstructor(ConstructorInjector.java:189)at org.picocontainer.injectors.ConstructorInjector.getGreediestSatisfiableConstructor(ConstructorInjector.java:110)at org.picocontainer.injectors.ConstructorInjector.access$100(ConstructorInjector.java:51)at org.picocontainer.injectors.ConstructorInjector$1.run(ConstructorInjector.java:331)at org.picocontainer.injectors.AbstractInjector$ThreadLocalCyclicDependencyGuard.observe(AbstractInjector.java:270)at org.picocontainer.injectors.ConstructorInjector.getComponentInstance(ConstructorInjector.java:364)at org.picocontainer.injectors.AbstractInjectionFactory$LifecycleAdapter.getComponentInstance(AbstractInjectionFactory.java:56)at org.picocontainer.behaviors.AbstractBehavior.getComponentInstance(AbstractBehavior.java:64)at org.picocontainer.behaviors.Stored.getComponentInstance(Stored.java:91)at org.picocontainer.DefaultPicoContainer.getInstance(DefaultPicoContainer.java:699)at org.picocontainer.DefaultPicoContainer.getComponent(DefaultPicoContainer.java:647)at org.picocontainer.DefaultPicoContainer.getComponent(DefaultPicoContainer.java:632)at org.picocontainer.parameters.BasicComponentParameter$1.resolveInstance(BasicComponentParameter.java:118)at org.picocontainer.parameters.ComponentParameter$1.resolveInstance(ComponentParameter.java:136)at org.picocontainer.injectors.SingleMemberInjector.getParameter(SingleMemberInjector.java:78)at org.picocontainer.injectors.ConstructorInjector$CtorAndAdapters.getParameterArguments(ConstructorInjector.java:309)at org.picocontainer.injectors.ConstructorInjector$1.run(ConstructorInjector.java:335)at org.picocontainer.injectors.AbstractInjector$ThreadLocalCyclicDependencyGuard.observe(AbstractInjector.java:270)at org.picocontainer.injectors.ConstructorInjector.getComponentInstance(ConstructorInjector.java:364)at org.picocontainer.injectors.AbstractInjectionFactory$LifecycleAdapter.getComponentInstance(AbstractInjectionFactory.java:56)at org.picocontainer.behaviors.AbstractBehavior.getComponentInstance(AbstractBehavior.java:64)at org.picocontainer.behaviors.Stored.getComponentInstance(Stored.java:91)at org.picocontainer.DefaultPicoContainer.getInstance(DefaultPicoContainer.java:699)at org.picocontainer.DefaultPicoContainer.getComponent(DefaultPicoContainer.java:647)at org.picocontainer.DefaultPicoContainer.getComponent(DefaultPicoContainer.java:632)at org.picocontainer.parameters.BasicComponentParameter$1.resolveInstance(BasicComponentParameter.java:118)at org.picocontainer.parameters.ComponentParameter$1.resolveInstance(ComponentParameter.java:136)at org.picocontainer.injectors.SingleMemberInjector.getParameter(SingleMemberInjector.java:78)at org.picocontainer.injectors.ConstructorInjector$CtorAndAdapters.getParameterArguments(ConstructorInjector.java:309)at org.picocontainer.injectors.ConstructorInjector$1.run(ConstructorInjector.java:335)at org.picocontainer.injectors.AbstractInjector$ThreadLocalCyclicDependencyGuard.observe(AbstractInjector.java:270)at org.picocontainer.injectors.ConstructorInjector.getComponentInstance(ConstructorInjector.java:364)at org.picocontainer.injectors.AbstractInjectionFactory$LifecycleAdapter.getComponentInstance(AbstractInjectionFactory.java:56)at org.picocontainer.behaviors.AbstractBehavior.getComponentInstance(AbstractBehavior.java:64)at org.picocontainer.behaviors.Stored.getComponentInstance(Stored.java:91)at org.picocontainer.DefaultPicoContainer.getInstance(DefaultPicoContainer.java:699)at org.picocontainer.DefaultPicoContainer.getComponent(DefaultPicoContainer.java:647)at org.picocontainer.DefaultPicoContainer.getComponent(DefaultPicoContainer.java:678)at cucumber.runtime.java.picocontainer.PicoFactory.getInstance(PicoFactory.java:40)at cucumber.runtime.java.JavaStepDefinition.execute(JavaStepDefinition.java:38)at cucumber.runtime.StepDefinitionMatch.runStep(StepDefinitionMatch.java:37)at cucumber.runtime.Runtime.runStep(Runtime.java:300)at cucumber.runtime.model.StepContainer.runStep(StepContainer.java:44)at cucumber.runtime.model.StepContainer.runSteps(StepContainer.java:39)at cucumber.runtime.model.CucumberScenario.runBackground(CucumberScenario.java:59)at cucumber.runtime.model.CucumberScenario.run(CucumberScenario.java:42)at cucumber.runtime.model.CucumberFeature.run(CucumberFeature.java:165)at cucumber.api.testng.TestNGCucumberRunner.runCucumber(TestNGCucumberRunner.java:63)at cucumber.api.testng.AbstractTestNGCucumberTests.feature(AbstractTestNGCucumberTests.java:21)at sun.reflect.NativeMethodAccessorImpl.invoke0(Native Method)at sun.reflect.NativeMethodAccessorImpl.invoke(NativeMethodAccessorImpl.java:62)at sun.reflect.DelegatingMethodAccessorImpl.invoke(DelegatingMethodAccessorImpl.java:43)at java.lang.reflect.Method.invoke(Method.java:498)at org.testng.internal.MethodInvocationHelper.invokeMethod(MethodInvocationHelper.java:124)at org.testng.internal.Invoker.invokeMethod(Invoker.java:571)at org.testng.internal.Invoker.invokeTestMethod(Invoker.java:707)at org.testng.internal.Invoker.invokeTestMethods(Invoker.java:979)at org.testng.internal.TestMethodWorker.invokeTestMethods(TestMethodWorker.java:125)at org.testng.internal.TestMethodWorker.run(TestMethodWorker.java:109)at org.testng.TestRunner.privateRun(TestRunner.java:648)at org.testng.TestRunner.run(TestRunner.java:505)at org.testng.SuiteRunner.runTest(SuiteRunner.java:455)at org.testng.SuiteRunner.runSequentially(SuiteRunner.java:450)at org.testng.SuiteRunner.privateRun(SuiteRunner.java:415)at org.testng.SuiteRunner.run(SuiteRunner.java:364)at org.testng.SuiteRunnerWorker.runSuite(SuiteRunnerWorker.java:52)at org.testng.SuiteRunnerWorker.run(SuiteRunnerWorker.java:84)at org.testng.TestNG.runSuitesSequentially(TestNG.java:1187)at org.testng.TestNG.runSuitesLocally(TestNG.java:1116)at org.testng.TestNG.runSuites(TestNG.java:1028)at org.testng.TestNG.run(TestNG.java:996)at org.testng.remote.AbstractRemoteTestNG.run(AbstractRemoteTestNG.java:114)at org.testng.remote.RemoteTestNG.initAndRun(RemoteTestNG.java:251)at org.testng.remote.RemoteTestNG.main(RemoteTestNG.java:77)at âœ½.Given WebElementFunction_I open the face book home page "https://www.facebook.com/"(src/main/java/com/webdriver/webelementfunction/WebelementFunction.feature:4)]]>
            </full-stacktrace>
          </exception> <!-- cucumber.runtime.CucumberException -->
          <reporter-output>
          </reporter-output>
        </test-method> <!-- feature -->
        <test-method status="PASS" signature="tearDownClass()[pri:0, instance:com.webdriver.webelementfunction.WebelementFunctionRunner@188715b5]" name="tearDownClass" is-config="true" duration-ms="12" started-at="2018-04-22T15:57:38Z" finished-at="2018-04-22T15:57:38Z">
          <reporter-output>
          </reporter-output>
        </test-method> <!-- tearDownClass -->
      </class> <!-- com.webdriver.webelementfunction.WebelementFunctionRunner -->
    </test> <!-- Default test -->
  </suite> <!-- Default suite -->
</testng-results>
