<?xml version="1.0" encoding="UTF-8"?>
<testng-results skipped="0" failed="0" ignored="0" total="1" passed="1">
  <reporter-output>
  </reporter-output>
  <suite name="Default suite" duration-ms="16377" started-at="2018-03-04T09:09:13Z" finished-at="2018-03-04T09:09:29Z">
    <groups>
      <group name="cucumber">
        <method signature="AbstractTestNGCucumberTests.feature(cucumber.api.testng.CucumberFeatureWrapper)[pri:0, instance:com.webdriver.iframes.IframesRunner@188715b5]" name="feature" class="cucumber.api.testng.AbstractTestNGCucumberTests"/>
      </group> <!-- cucumber -->
    </groups>
    <test name="Default test" duration-ms="16377" started-at="2018-03-04T09:09:13Z" finished-at="2018-03-04T09:09:29Z">
      <class name="com.webdriver.iframes.IframesRunner">
        <test-method status="PASS" signature="setUpClass()[pri:0, instance:com.webdriver.iframes.IframesRunner@188715b5]" name="setUpClass" is-config="true" duration-ms="244" started-at="2018-03-04T14:39:13Z" finished-at="2018-03-04T14:39:13Z">
          <reporter-output>
          </reporter-output>
        </test-method> <!-- setUpClass -->
        <test-method status="PASS" signature="feature(cucumber.api.testng.CucumberFeatureWrapper)[pri:0, instance:com.webdriver.iframes.IframesRunner@188715b5]" name="feature" duration-ms="16033" started-at="2018-03-04T14:39:13Z" description="Runs Cucumber Feature" data-provider="features" finished-at="2018-03-04T14:39:29Z">
          <params>
            <param index="0">
              <value>
                <![CDATA[Working with Iframe]]>
              </value>
            </param>
          </params>
          <reporter-output>
          </reporter-output>
        </test-method> <!-- feature -->
        <test-method status="PASS" signature="tearDownClass()[pri:0, instance:com.webdriver.iframes.IframesRunner@188715b5]" name="tearDownClass" is-config="true" duration-ms="4" started-at="2018-03-04T14:39:29Z" finished-at="2018-03-04T14:39:29Z">
          <reporter-output>
          </reporter-output>
        </test-method> <!-- tearDownClass -->
      </class> <!-- com.webdriver.iframes.IframesRunner -->
    </test> <!-- Default test -->
  </suite> <!-- Default suite -->
</testng-results>
