<?xml version="1.0" encoding="UTF-8"?>
<testng-results skipped="0" failed="0" ignored="0" total="1" passed="1">
  <reporter-output>
  </reporter-output>
  <suite name="Default suite" duration-ms="68085" started-at="2018-05-13T10:04:14Z" finished-at="2018-05-13T10:05:22Z">
    <groups>
      <group name="cucumber">
        <method signature="AbstractTestNGCucumberTests.feature(cucumber.api.testng.CucumberFeatureWrapper)[pri:0, instance:com.webdriver.datadriven.DataDrivenRunner@6a192cfe]" name="feature" class="cucumber.api.testng.AbstractTestNGCucumberTests"/>
      </group> <!-- cucumber -->
    </groups>
    <test name="Default test" duration-ms="68085" started-at="2018-05-13T10:04:14Z" finished-at="2018-05-13T10:05:22Z">
      <class name="com.webdriver.datadriven.DataDrivenRunner">
        <test-method status="PASS" signature="setUpClass()[pri:0, instance:com.webdriver.datadriven.DataDrivenRunner@6a192cfe]" name="setUpClass" is-config="true" duration-ms="281" started-at="2018-05-13T15:34:14Z" finished-at="2018-05-13T15:34:14Z">
          <reporter-output>
          </reporter-output>
        </test-method> <!-- setUpClass -->
        <test-method status="PASS" signature="feature(cucumber.api.testng.CucumberFeatureWrapper)[pri:0, instance:com.webdriver.datadriven.DataDrivenRunner@6a192cfe]" name="feature" duration-ms="67704" started-at="2018-05-13T15:34:14Z" description="Runs Cucumber Feature" data-provider="features" finished-at="2018-05-13T15:35:22Z">
          <params>
            <param index="0">
              <value>
                <![CDATA[Data Driven Testing]]>
              </value>
            </param>
          </params>
          <reporter-output>
          </reporter-output>
        </test-method> <!-- feature -->
        <test-method status="PASS" signature="tearDownClass()[pri:0, instance:com.webdriver.datadriven.DataDrivenRunner@6a192cfe]" name="tearDownClass" is-config="true" duration-ms="3" started-at="2018-05-13T15:35:22Z" finished-at="2018-05-13T15:35:22Z">
          <reporter-output>
          </reporter-output>
        </test-method> <!-- tearDownClass -->
      </class> <!-- com.webdriver.datadriven.DataDrivenRunner -->
    </test> <!-- Default test -->
  </suite> <!-- Default suite -->
</testng-results>
