<?xml version="1.0" encoding="UTF-8"?>
<testng-results skipped="0" failed="0" ignored="0" total="1" passed="1">
  <reporter-output>
  </reporter-output>
  <suite name="Default suite" duration-ms="60640" started-at="2018-02-24T08:06:29Z" finished-at="2018-02-24T08:07:29Z">
    <groups>
      <group name="cucumber">
        <method signature="AbstractTestNGCucumberTests.feature(cucumber.api.testng.CucumberFeatureWrapper)[pri:0, instance:com.webdriver.wait.WebdriverWaitFunctionRunner@188715b5]" name="feature" class="cucumber.api.testng.AbstractTestNGCucumberTests"/>
      </group> <!-- cucumber -->
    </groups>
    <test name="Default test" duration-ms="60640" started-at="2018-02-24T08:06:29Z" finished-at="2018-02-24T08:07:29Z">
      <class name="com.webdriver.wait.WebdriverWaitFunctionRunner">
        <test-method status="PASS" signature="setUpClass()[pri:0, instance:com.webdriver.wait.WebdriverWaitFunctionRunner@188715b5]" name="setUpClass" is-config="true" duration-ms="222" started-at="2018-02-24T13:36:29Z" finished-at="2018-02-24T13:36:29Z">
          <reporter-output>
          </reporter-output>
        </test-method> <!-- setUpClass -->
        <test-method status="PASS" signature="feature(cucumber.api.testng.CucumberFeatureWrapper)[pri:0, instance:com.webdriver.wait.WebdriverWaitFunctionRunner@188715b5]" name="feature" duration-ms="60326" started-at="2018-02-24T13:36:29Z" description="Runs Cucumber Feature" data-provider="features" finished-at="2018-02-24T13:37:29Z">
          <params>
            <param index="0">
              <value>
                <![CDATA[Web driver wait fuction]]>
              </value>
            </param>
          </params>
          <reporter-output>
          </reporter-output>
        </test-method> <!-- feature -->
        <test-method status="PASS" signature="tearDownClass()[pri:0, instance:com.webdriver.wait.WebdriverWaitFunctionRunner@188715b5]" name="tearDownClass" is-config="true" duration-ms="2" started-at="2018-02-24T13:37:29Z" finished-at="2018-02-24T13:37:29Z">
          <reporter-output>
          </reporter-output>
        </test-method> <!-- tearDownClass -->
      </class> <!-- com.webdriver.wait.WebdriverWaitFunctionRunner -->
    </test> <!-- Default test -->
  </suite> <!-- Default suite -->
</testng-results>
