<?xml version="1.0" encoding="UTF-8"?>
<testng-results skipped="0" failed="0" ignored="0" total="1" passed="1">
  <reporter-output>
  </reporter-output>
  <suite name="Default suite" duration-ms="21158" started-at="2018-03-11T10:02:09Z" finished-at="2018-03-11T10:02:30Z">
    <groups>
      <group name="cucumber">
        <method signature="AbstractTestNGCucumberTests.feature(cucumber.api.testng.CucumberFeatureWrapper)[pri:0, instance:com.webdriver.alerts.AlertsRunner@146ba0ac]" name="feature" class="cucumber.api.testng.AbstractTestNGCucumberTests"/>
      </group> <!-- cucumber -->
    </groups>
    <test name="Default test" duration-ms="21158" started-at="2018-03-11T10:02:09Z" finished-at="2018-03-11T10:02:30Z">
      <class name="com.webdriver.alerts.AlertsRunner">
        <test-method status="PASS" signature="setUpClass()[pri:0, instance:com.webdriver.alerts.AlertsRunner@146ba0ac]" name="setUpClass" is-config="true" duration-ms="205" started-at="2018-03-11T15:32:09Z" finished-at="2018-03-11T15:32:09Z">
          <reporter-output>
          </reporter-output>
        </test-method> <!-- setUpClass -->
        <test-method status="PASS" signature="feature(cucumber.api.testng.CucumberFeatureWrapper)[pri:0, instance:com.webdriver.alerts.AlertsRunner@146ba0ac]" name="feature" duration-ms="20853" started-at="2018-03-11T15:32:09Z" description="Runs Cucumber Feature" data-provider="features" finished-at="2018-03-11T15:32:30Z">
          <params>
            <param index="0">
              <value>
                <![CDATA[Working with Java Script Popup]]>
              </value>
            </param>
          </params>
          <reporter-output>
          </reporter-output>
        </test-method> <!-- feature -->
        <test-method status="PASS" signature="tearDownClass()[pri:0, instance:com.webdriver.alerts.AlertsRunner@146ba0ac]" name="tearDownClass" is-config="true" duration-ms="8" started-at="2018-03-11T15:32:30Z" finished-at="2018-03-11T15:32:30Z">
          <reporter-output>
          </reporter-output>
        </test-method> <!-- tearDownClass -->
      </class> <!-- com.webdriver.alerts.AlertsRunner -->
    </test> <!-- Default test -->
  </suite> <!-- Default suite -->
</testng-results>
