<?xml version="1.0" encoding="UTF-8"?>
<testng-results skipped="0" failed="0" ignored="0" total="1" passed="1">
  <reporter-output>
  </reporter-output>
  <suite name="Default suite" duration-ms="22664" started-at="2018-05-05T12:34:31Z" finished-at="2018-05-05T12:34:53Z">
    <groups>
      <group name="cucumber">
        <method signature="AbstractTestNGCucumberTests.feature(cucumber.api.testng.CucumberFeatureWrapper)[pri:0, instance:com.webdriver.page.BugCreationRunner@6eebc39e]" name="feature" class="cucumber.api.testng.AbstractTestNGCucumberTests"/>
      </group> <!-- cucumber -->
    </groups>
    <test name="Default test" duration-ms="22664" started-at="2018-05-05T12:34:31Z" finished-at="2018-05-05T12:34:53Z">
      <class name="com.webdriver.page.BugCreationRunner">
        <test-method status="PASS" signature="setUpClass()[pri:0, instance:com.webdriver.page.BugCreationRunner@6eebc39e]" name="setUpClass" is-config="true" duration-ms="601" started-at="2018-05-05T18:04:31Z" finished-at="2018-05-05T18:04:31Z">
          <reporter-output>
          </reporter-output>
        </test-method> <!-- setUpClass -->
        <test-method status="PASS" signature="feature(cucumber.api.testng.CucumberFeatureWrapper)[pri:0, instance:com.webdriver.page.BugCreationRunner@6eebc39e]" name="feature" duration-ms="21812" started-at="2018-05-05T18:04:32Z" description="Runs Cucumber Feature" data-provider="features" finished-at="2018-05-05T18:04:53Z">
          <params>
            <param index="0">
              <value>
                <![CDATA[Create bug in bugzila application]]>
              </value>
            </param>
          </params>
          <reporter-output>
          </reporter-output>
        </test-method> <!-- feature -->
        <test-method status="PASS" signature="tearDownClass()[pri:0, instance:com.webdriver.page.BugCreationRunner@6eebc39e]" name="tearDownClass" is-config="true" duration-ms="5" started-at="2018-05-05T18:04:53Z" finished-at="2018-05-05T18:04:53Z">
          <reporter-output>
          </reporter-output>
        </test-method> <!-- tearDownClass -->
      </class> <!-- com.webdriver.page.BugCreationRunner -->
    </test> <!-- Default test -->
  </suite> <!-- Default suite -->
</testng-results>
